<?xml version="1.0" encoding="UTF-8"?>
<!-- Generated by org.testng.reporters.JUnitXMLReporter -->
<testsuite ignored="8" hostname="DESKTOP-RE3DM9I" failures="1" tests="1" name="Test" time="143.077" errors="0" timestamp="2020-12-10T10:43:49 IST">
  <testcase classname="testcasesHANA.AccountTabTestHANA" name="verifyLOSTOpportunityDetails" time="77.412">
    <failure type="org.openqa.selenium.NoSuchElementException" message="An element could not be located on the page using the given search parameters.
For documentation on this error, please visit: https://www.seleniumhq.org/exceptions/no_such_element.html
Build info: version: &amp;apos;3.141.59&amp;apos;, revision: &amp;apos;e82be7d358&amp;apos;, time: &amp;apos;2018-11-14T08:25:53&amp;apos;
System info: host: &amp;apos;DESKTOP-RE3DM9I&amp;apos;, ip: &amp;apos;192.168.34.2&amp;apos;, os.name: &amp;apos;Windows 10&amp;apos;, os.arch: &amp;apos;amd64&amp;apos;, os.version: &amp;apos;10.0&amp;apos;, java.version: &amp;apos;14.0.2&amp;apos;
Driver info: io.appium.java_client.android.AndroidDriver
Capabilities {app: D:\APK\SalesAppStaging.apk, appPackage: com.uneecops.sapsalesapp, autoAcceptAlerts: true, automationName: Appium, databaseEnabled: false, desired: {app: D:\APK\SalesAppStaging.apk, autoAcceptAlerts: true, automationName: Appium, deviceName: Android Emulator, platformName: android}, deviceApiLevel: 28, deviceManufacturer: Google, deviceModel: AOSP on IA Emulator, deviceName: emulator-5554, deviceScreenDensity: 420, deviceScreenSize: 1080x1920, deviceUDID: emulator-5554, javascriptEnabled: true, locationContextEnabled: false, networkConnectionEnabled: true, pixelRatio: 2.625, platform: LINUX, platformName: Android, platformVersion: 9, statBarHeight: 63, takesScreenshot: true, viewportRect: {height: 1731, left: 0, top: 63, width: 1080}, warnings: {}, webStorageEnabled: false}
Session ID: 1221c09b-3370-4dfd-8538-05b7f48acbf2
*** Element info: {Using=-android uiautomator, value=new UiSelector().textContains(&amp;quot;Low Budget&amp;quot;)}">
      <![CDATA[org.openqa.selenium.NoSuchElementException: An element could not be located on the page using the given search parameters.
For documentation on this error, please visit: https://www.seleniumhq.org/exceptions/no_such_element.html
Build info: version: '3.141.59', revision: 'e82be7d358', time: '2018-11-14T08:25:53'
System info: host: 'DESKTOP-RE3DM9I', ip: '192.168.34.2', os.name: 'Windows 10', os.arch: 'amd64', os.version: '10.0', java.version: '14.0.2'
Driver info: io.appium.java_client.android.AndroidDriver
Capabilities {app: D:\APK\SalesAppStaging.apk, appPackage: com.uneecops.sapsalesapp, autoAcceptAlerts: true, automationName: Appium, databaseEnabled: false, desired: {app: D:\APK\SalesAppStaging.apk, autoAcceptAlerts: true, automationName: Appium, deviceName: Android Emulator, platformName: android}, deviceApiLevel: 28, deviceManufacturer: Google, deviceModel: AOSP on IA Emulator, deviceName: emulator-5554, deviceScreenDensity: 420, deviceScreenSize: 1080x1920, deviceUDID: emulator-5554, javascriptEnabled: true, locationContextEnabled: false, networkConnectionEnabled: true, pixelRatio: 2.625, platform: LINUX, platformName: Android, platformVersion: 9, statBarHeight: 63, takesScreenshot: true, viewportRect: {height: 1731, left: 0, top: 63, width: 1080}, warnings: {}, webStorageEnabled: false}
Session ID: 1221c09b-3370-4dfd-8538-05b7f48acbf2
*** Element info: {Using=-android uiautomator, value=new UiSelector().textContains("Low Budget")}
at org.openqa.selenium.remote.http.W3CHttpResponseCodec.createException(W3CHttpResponseCodec.java:187)
at org.openqa.selenium.remote.http.W3CHttpResponseCodec.decode(W3CHttpResponseCodec.java:122)
at org.openqa.selenium.remote.http.W3CHttpResponseCodec.decode(W3CHttpResponseCodec.java:49)
at org.openqa.selenium.remote.HttpCommandExecutor.execute(HttpCommandExecutor.java:158)
at io.appium.java_client.remote.AppiumCommandExecutor.execute(AppiumCommandExecutor.java:239)
at org.openqa.selenium.remote.RemoteWebDriver.execute(RemoteWebDriver.java:552)
at io.appium.java_client.DefaultGenericMobileDriver.execute(DefaultGenericMobileDriver.java:41)
at io.appium.java_client.AppiumDriver.execute(AppiumDriver.java:1)
at io.appium.java_client.android.AndroidDriver.execute(AndroidDriver.java:1)
at org.openqa.selenium.remote.RemoteWebDriver.findElement(RemoteWebDriver.java:323)
at io.appium.java_client.DefaultGenericMobileDriver.findElement(DefaultGenericMobileDriver.java:61)
at io.appium.java_client.AppiumDriver.findElement(AppiumDriver.java:1)
at io.appium.java_client.android.AndroidDriver.findElement(AndroidDriver.java:1)
at io.appium.java_client.FindsByAndroidUIAutomator.findElementByAndroidUIAutomator(FindsByAndroidUIAutomator.java:38)
at io.appium.java_client.MobileBy$ByAndroidUIAutomator.findElement(MobileBy.java:210)
at org.openqa.selenium.remote.RemoteWebDriver.findElement(RemoteWebDriver.java:315)
at io.appium.java_client.DefaultGenericMobileDriver.findElement(DefaultGenericMobileDriver.java:57)
at io.appium.java_client.AppiumDriver.findElement(AppiumDriver.java:1)
at io.appium.java_client.android.AndroidDriver.findElement(AndroidDriver.java:1)
at testcasesHANA.AccountTabTestHANA.verifyLOSTOpportunityDetails(AccountTabTestHANA.java:891)
at java.base/java.util.ArrayList.forEach(ArrayList.java:1511)
... Removed 32 stack frames]]>
    </failure>
  </testcase> <!-- verifyLOSTOpportunityDetails -->
  <testcase classname="testcasesHANA.AccountTabTestHANA" name="Create_WON_Opp" time="0.0">
    <ignored/>
  </testcase> <!-- Create_WON_Opp -->
  <testcase classname="testcasesHANA.AccountTabTestHANA" name="verifyAccountDetails" time="0.0">
    <ignored/>
  </testcase> <!-- verifyAccountDetails -->
  <testcase classname="testcasesHANA.AccountTabTestHANA" name="Create_Order" time="0.0">
    <ignored/>
  </testcase> <!-- Create_Order -->
  <testcase classname="testcasesHANA.AccountTabTestHANA" name="Create_Account" time="0.0">
    <ignored/>
  </testcase> <!-- Create_Account -->
  <testcase classname="testcasesHANA.AccountTabTestHANA" name="Create_OPEN_Opp" time="0.0">
    <ignored/>
  </testcase> <!-- Create_OPEN_Opp -->
  <testcase classname="testcasesHANA.AccountTabTestHANA" name="verifyOPENOpportunityDetails" time="0.0">
    <ignored/>
  </testcase> <!-- verifyOPENOpportunityDetails -->
  <testcase classname="testcasesHANA.AccountTabTestHANA" name="verifyWONOpportunityDetails" time="0.0">
    <ignored/>
  </testcase> <!-- verifyWONOpportunityDetails -->
  <testcase classname="testcasesHANA.AccountTabTestHANA" name="Create_LOST_Opp" time="0.0">
    <ignored/>
  </testcase> <!-- Create_LOST_Opp -->
</testsuite> <!-- Test -->
